Removed Pin From Net: NetName=GND Pin=R4-1
Removed Pin From Net: NetName=NetLED1_K Pin=R4-2
Removed Pin From Net: NetName=NetLED2_K Pin=R5-2
Removed Pin From Net: NetName=VCC Pin=R7-2
Removed Pin From Net: NetName=GND Pin=R8-1
Removed Pin From Net: NetName=VCC Pin=R10-2
Removed Pin From Net: NetName=GND Pin=SW1-1
Removed Pin From Net: NetName=NetC1_2 Pin=SW1-2
Removed Pin From Net: NetName=NetR5_1 Pin=U1-25
Change component parameters: Designator = "R9" ("R9"); Footprint = "RES_0805"; UniqueID = "\MCTTRZOL" ("\MCTTRZOL")
Change component parameters (AddParameter): Name = "Case/Package"; Value = "0805"; VariantName = "[No Variations]"
Change component parameters (AddParameter): Name = "Manufacturer"; Value = "TE Connectivity Passive Product"; VariantName = "[No Variations]"
Change component parameters (AddParameter): Name = "Manufacturing Part Number"; Value = "CRG0805F1K5"; VariantName = "[No Variations]"
Change component parameters (AddParameter): Name = "Supplier Part Number-1"; Value = "A106057CT-ND"; VariantName = "[No Variations]"
Change component parameters (AddParameter): Name = "Supplier-1"; Value = "Digikey"; VariantName = "[No Variations]"
Change component parameters: Designator = "R4" ("R4"); Footprint = "RES_0805"; UniqueID = "\VTJRLXSA" ("\VTJRLXSA")
Change component parameters (AddParameter): Name = "Case/Package"; Value = "0805"; VariantName = "[No Variations]"
Change component parameters (AddParameter): Name = "Manufacturer"; Value = "TE Connectivity Passive Product"; VariantName = "[No Variations]"
Change component parameters (AddParameter): Name = "Manufacturing Part Number"; Value = "CRG0805F1K5"; VariantName = "[No Variations]"
Change component parameters (AddParameter): Name = "Supplier Part Number-1"; Value = "A106057CT-ND"; VariantName = "[No Variations]"
Change component parameters (AddParameter): Name = "Supplier-1"; Value = "Digikey"; VariantName = "[No Variations]"
Change component parameters: Designator = "R5" ("R5"); Footprint = "RES_0805"; UniqueID = "\NAKPJSVJ" ("\NAKPJSVJ")
Change component parameters (AddParameter): Name = "Case/Package"; Value = "0805"; VariantName = "[No Variations]"
Change component parameters (AddParameter): Name = "Manufacturer"; Value = "Yageo"; VariantName = "[No Variations]"
Change component parameters (AddParameter): Name = "Manufacturing Part Number"; Value = "RC0805FR-0710KL"; VariantName = "[No Variations]"
Change component parameters (AddParameter): Name = "Supplier Part Number-1"; Value = "311-10.0KCRCT-ND"; VariantName = "[No Variations]"
Change component parameters (AddParameter): Name = "Supplier-1"; Value = "Digikey"; VariantName = "[No Variations]"
Change component parameters: Designator = "R7" ("R7"); Footprint = "RES_0805"; UniqueID = "\SPGPADRQ" ("\SPGPADRQ")
Change component parameters (AddParameter): Name = "Case/Package"; Value = "0805"; VariantName = "[No Variations]"
Change component parameters (AddParameter): Name = "Manufacturer"; Value = "??a"; VariantName = "[No Variations]"
Change component parameters (AddParameter): Name = "Manufacturer Part Number"; Value = "RC0805FR-071KL"; VariantName = "[No Variations]"
Change component parameters (AddParameter): Name = "Supplier Part Number-1"; Value = "311-1.00KCRCT-ND"; VariantName = "[No Variations]"
Change component parameters (AddParameter): Name = "Supplier-1"; Value = "Digikey"; VariantName = "[No Variations]"
Added Pin To Net: NetName=VCC Pin=R4-2
Added Pin To Net: NetName=GND Pin=R7-1
Added Pin To Net: NetName=NetLED1_K Pin=R7-2
Added Pin To Net: NetName=NetLED2_K Pin=R8-2
Added Pin To Net: NetName=VCC Pin=R9-2
Added Pin To Net: NetName=GND Pin=R10-1
Added Pin To Net: NetName=GND Pin=SW2-1
Added Pin To Net: NetName=NetC1_2 Pin=SW2-2
Added Pin To Net: NetName=NetR5_1 Pin=U1-43
Added Pin To Net: NetName=NetR4_1 Pin=R4-1
Added Pin To Net: NetName=NetR4_1 Pin=U1-12
Added Pin To Net: NetName=NetR4_1 Pin=U2-2
Added Net: Name=NetR4_1
Added Pin To Net: NetName=NetR5_2 Pin=R5-2
Added Pin To Net: NetName=NetR5_2 Pin=T2-2
Added Net: Name=NetR5_2
Added Pin To Net: NetName=NetR10_2 Pin=R10-2
Added Pin To Net: NetName=NetR10_2 Pin=SW1-1
Added Pin To Net: NetName=NetR10_2 Pin=U1-18
Added Net: Name=NetR10_2
Added Pin To Net: NetName=PB12 Pin=R8-1
Added Pin To Net: NetName=PB12 Pin=U1-25
Added Net: Name=PB12
Change Class Name : Old Net Name=Sheet4 New Net Name=Sheet2
Added Member To Class: ClassName=Sheet2 Member=Component C13 22pF
Added Member To Class: ClassName=Sheet2 Member=Component C14 22pF
Added Member To Class: ClassName=Sheet2 Member=Component D1
Added Member To Class: ClassName=Sheet2 Member=Component J 292161-5
Added Member To Class: ClassName=Sheet2 Member=Component K1 SRD-03VDC-SL-C
Added Member To Class: ClassName=Sheet2 Member=Component P1 282837-2
Added Member To Class: ClassName=Sheet2 Member=Component P2 282837-2
Added Member To Class: ClassName=Sheet2 Member=Component P3 282837-2
Added Member To Class: ClassName=Sheet2 Member=Component R3 220R
Added Member To Class: ClassName=Sheet2 Member=Component R9 10K
Added Member To Class: ClassName=Sheet2 Member=Component R10 4.7K
Added Member To Class: ClassName=Sheet2 Member=Component T1 BC547
Added Member To Class: ClassName=Sheet2 Member=Component T2 BC547
Added Member To Class: ClassName=Sheet2 Member=Component U1 STM32F103C6T6
Added Member To Class: ClassName=Sheet2 Member=Component U2 DS18B20
Added Member To Class: ClassName=Sheet2 Member=Component Y4 8MHz
